<?xml version="1.0" encoding="UTF-8"?>
<!-- Generated by org.testng.reporters.JUnitXMLReporter -->
<testsuite ignored="1" hostname="localhost.pcs" failures="0" tests="2" name="Test" time="76.846" errors="0" timestamp="2022-07-19T11:27:17 IST">
  <testcase classname="uaterp.RoleAuthourization" name="role" time="32.915"/>
  <testcase classname="uaterp.CreateRole" name="duplicateRoleTest1" time="43.91"/>
  <testcase classname="uaterp.CreateRole" name="role" time="0.0">
    <ignored/>
  </testcase> <!-- role -->
</testsuite> <!-- Test -->
