<?xml version="1.0" encoding="UTF-8"?>
<testng-results ignored="1" total="3" passed="2" failed="0" skipped="0">
  <reporter-output>
  </reporter-output>
  <suite started-at="2022-07-19T11:26:00 IST" name="Suite" finished-at="2022-07-19T11:27:17 IST" duration-ms="76846">
    <groups>
    </groups>
    <test started-at="2022-07-19T11:26:00 IST" name="Test" finished-at="2022-07-19T11:27:17 IST" duration-ms="76846">
      <class name="uaterp.RoleAuthourization">
        <test-method signature="role()[pri:0, instance:uaterp.RoleAuthourization@15ff3e9e]" started-at="2022-07-19T11:26:00 IST" name="role" finished-at="2022-07-19T11:26:33 IST" duration-ms="32915" status="PASS">
          <reporter-output>
          </reporter-output>
        </test-method> <!-- role -->
      </class> <!-- uaterp.RoleAuthourization -->
      <class name="uaterp.CreateRole">
        <test-method signature="duplicateRoleTest1()[pri:0, instance:uaterp.CreateRole@4567f35d]" started-at="2022-07-19T11:26:33 IST" name="duplicateRoleTest1" finished-at="2022-07-19T11:27:17 IST" duration-ms="43910" status="PASS">
          <reporter-output>
          </reporter-output>
        </test-method> <!-- duplicateRoleTest1 -->
      </class> <!-- uaterp.CreateRole -->
    </test> <!-- Test -->
  </suite> <!-- Suite -->
</testng-results>
