<?xml version="1.0" encoding="UTF-8"?>
<testng-results ignored="1" total="3" passed="1" failed="1" skipped="0">
  <reporter-output>
  </reporter-output>
  <suite started-at="2022-07-19T11:00:25 IST" name="Suite" finished-at="2022-07-19T11:01:17 IST" duration-ms="52087">
    <groups>
    </groups>
    <test started-at="2022-07-19T11:00:25 IST" name="Test" finished-at="2022-07-19T11:01:17 IST" duration-ms="52087">
      <class name="uaterp.RoleAuthourization">
        <test-method signature="role()[pri:0, instance:uaterp.RoleAuthourization@15ff3e9e]" started-at="2022-07-19T11:00:25 IST" name="role" finished-at="2022-07-19T11:01:00 IST" duration-ms="35278" status="PASS">
          <reporter-output>
          </reporter-output>
        </test-method> <!-- role -->
      </class> <!-- uaterp.RoleAuthourization -->
      <class name="uaterp.CreateRole">
        <test-method signature="duplicateRoleTest1()[pri:0, instance:uaterp.CreateRole@4567f35d]" started-at="2022-07-19T11:01:00 IST" name="duplicateRoleTest1" finished-at="2022-07-19T11:01:17 IST" duration-ms="16785" status="FAIL">
          <exception class="org.openqa.selenium.ElementClickInterceptedException">
            <message>
              <![CDATA[element click intercepted: Element <button type="button" class="swal2-confirm swal2-styled" aria-label="" style="display: inline-block; border-left-color: rgb(48, 133, 214); border-right-color: rgb(48, 133, 214);">...</button> is not clickable at point (798, 429). Other element would receive the click: <div aria-labelledby="swal2-title" aria-describedby="swal2-content" class="swal2-popup swal2-modal swal2-icon-success swal2-show" tabindex="-1" role="dialog" aria-live="assertive" aria-modal="true" style="display: flex;">...</div>
  (Session info: chrome=103.0.5060.114)
Build info: version: '4.3.0', revision: 'a4995e2c09*'
System info: host: 'localhost.pcs', ip: '192.168.1.51', os.name: 'Linux', os.arch: 'amd64', os.version: '4.18.0-394.el8.x86_64', java.version: '11.0.15'
Driver info: org.openqa.selenium.chrome.ChromeDriver
Command: [e2d95ab045fb1a41bdb70819b57bee9f, clickElement {id=463d9906-c07c-4880-9f55-1cac962be61a}]
Capabilities {acceptInsecureCerts: false, browserName: chrome, browserVersion: 103.0.5060.114, chrome: {chromedriverVersion: 103.0.5060.53 (a1711811edd7..., userDataDir: /tmp/.com.google.Chrome.L9GuZm}, goog:chromeOptions: {debuggerAddress: localhost:45045}, networkConnectionEnabled: false, pageLoadStrategy: normal, platformName: LINUX, proxy: Proxy(), se:cdp: ws://localhost:45045/devtoo..., se:cdpVersion: 103.0.5060.114, setWindowRect: true, strictFileInteractability: false, timeouts: {implicit: 0, pageLoad: 300000, script: 30000}, unhandledPromptBehavior: dismiss and notify, webauthn:extension:credBlob: true, webauthn:extension:largeBlob: true, webauthn:virtualAuthenticators: true}
Element: [[ChromeDriver: chrome on LINUX (e2d95ab045fb1a41bdb70819b57bee9f)] -> xpath: //button[normalize-space()='OK']]
Session ID: e2d95ab045fb1a41bdb70819b57bee9f]]>
            </message>
            <full-stacktrace>
              <![CDATA[org.openqa.selenium.ElementClickInterceptedException: element click intercepted: Element <button type="button" class="swal2-confirm swal2-styled" aria-label="" style="display: inline-block; border-left-color: rgb(48, 133, 214); border-right-color: rgb(48, 133, 214);">...</button> is not clickable at point (798, 429). Other element would receive the click: <div aria-labelledby="swal2-title" aria-describedby="swal2-content" class="swal2-popup swal2-modal swal2-icon-success swal2-show" tabindex="-1" role="dialog" aria-live="assertive" aria-modal="true" style="display: flex;">...</div>
  (Session info: chrome=103.0.5060.114)
Build info: version: '4.3.0', revision: 'a4995e2c09*'
System info: host: 'localhost.pcs', ip: '192.168.1.51', os.name: 'Linux', os.arch: 'amd64', os.version: '4.18.0-394.el8.x86_64', java.version: '11.0.15'
Driver info: org.openqa.selenium.chrome.ChromeDriver
Command: [e2d95ab045fb1a41bdb70819b57bee9f, clickElement {id=463d9906-c07c-4880-9f55-1cac962be61a}]
Capabilities {acceptInsecureCerts: false, browserName: chrome, browserVersion: 103.0.5060.114, chrome: {chromedriverVersion: 103.0.5060.53 (a1711811edd7..., userDataDir: /tmp/.com.google.Chrome.L9GuZm}, goog:chromeOptions: {debuggerAddress: localhost:45045}, networkConnectionEnabled: false, pageLoadStrategy: normal, platformName: LINUX, proxy: Proxy(), se:cdp: ws://localhost:45045/devtoo..., se:cdpVersion: 103.0.5060.114, setWindowRect: true, strictFileInteractability: false, timeouts: {implicit: 0, pageLoad: 300000, script: 30000}, unhandledPromptBehavior: dismiss and notify, webauthn:extension:credBlob: true, webauthn:extension:largeBlob: true, webauthn:virtualAuthenticators: true}
Element: [[ChromeDriver: chrome on LINUX (e2d95ab045fb1a41bdb70819b57bee9f)] -> xpath: //button[normalize-space()='OK']]
Session ID: e2d95ab045fb1a41bdb70819b57bee9f
at java.base/jdk.internal.reflect.NativeConstructorAccessorImpl.newInstance0(Native Method)
at java.base/jdk.internal.reflect.NativeConstructorAccessorImpl.newInstance(NativeConstructorAccessorImpl.java:62)
at java.base/jdk.internal.reflect.DelegatingConstructorAccessorImpl.newInstance(DelegatingConstructorAccessorImpl.java:45)
at java.base/java.lang.reflect.Constructor.newInstance(Constructor.java:490)
at org.openqa.selenium.remote.codec.w3c.W3CHttpResponseCodec.createException(W3CHttpResponseCodec.java:200)
at org.openqa.selenium.remote.codec.w3c.W3CHttpResponseCodec.decode(W3CHttpResponseCodec.java:133)
at org.openqa.selenium.remote.codec.w3c.W3CHttpResponseCodec.decode(W3CHttpResponseCodec.java:53)
at org.openqa.selenium.remote.HttpCommandExecutor.execute(HttpCommandExecutor.java:184)
at org.openqa.selenium.remote.service.DriverCommandExecutor.invokeExecute(DriverCommandExecutor.java:167)
at org.openqa.selenium.remote.service.DriverCommandExecutor.execute(DriverCommandExecutor.java:142)
at org.openqa.selenium.remote.RemoteWebDriver.execute(RemoteWebDriver.java:569)
at org.openqa.selenium.remote.RemoteWebElement.execute(RemoteWebElement.java:257)
at org.openqa.selenium.remote.RemoteWebElement.click(RemoteWebElement.java:78)
at uaterp.CreateRole.duplicateRoleTest1(CreateRole.java:89)
at java.base/jdk.internal.reflect.NativeMethodAccessorImpl.invoke0(Native Method)
at java.base/jdk.internal.reflect.NativeMethodAccessorImpl.invoke(NativeMethodAccessorImpl.java:62)
at java.base/jdk.internal.reflect.DelegatingMethodAccessorImpl.invoke(DelegatingMethodAccessorImpl.java:43)
at java.base/java.lang.reflect.Method.invoke(Method.java:566)
at org.testng.internal.MethodInvocationHelper.invokeMethod(MethodInvocationHelper.java:133)
at org.testng.internal.TestInvoker.invokeMethod(TestInvoker.java:598)
at org.testng.internal.TestInvoker.invokeTestMethod(TestInvoker.java:173)
at org.testng.internal.MethodRunner.runInSequence(MethodRunner.java:46)
at org.testng.internal.TestInvoker$MethodInvocationAgent.invoke(TestInvoker.java:824)
at org.testng.internal.TestInvoker.invokeTestMethods(TestInvoker.java:146)
at org.testng.internal.TestMethodWorker.invokeTestMethods(TestMethodWorker.java:146)
at org.testng.internal.TestMethodWorker.run(TestMethodWorker.java:128)
at java.base/java.util.ArrayList.forEach(ArrayList.java:1541)
at org.testng.TestRunner.privateRun(TestRunner.java:794)
at org.testng.TestRunner.run(TestRunner.java:596)
at org.testng.SuiteRunner.runTest(SuiteRunner.java:377)
at org.testng.SuiteRunner.runSequentially(SuiteRunner.java:371)
at org.testng.SuiteRunner.privateRun(SuiteRunner.java:332)
at org.testng.SuiteRunner.run(SuiteRunner.java:276)
at org.testng.SuiteRunnerWorker.runSuite(SuiteRunnerWorker.java:53)
at org.testng.SuiteRunnerWorker.run(SuiteRunnerWorker.java:96)
at org.testng.TestNG.runSuitesSequentially(TestNG.java:1212)
at org.testng.TestNG.runSuitesLocally(TestNG.java:1134)
at org.testng.TestNG.runSuites(TestNG.java:1063)
at org.testng.TestNG.run(TestNG.java:1031)
at org.testng.remote.AbstractRemoteTestNG.run(AbstractRemoteTestNG.java:115)
at org.testng.remote.RemoteTestNG.initAndRun(RemoteTestNG.java:251)
at org.testng.remote.RemoteTestNG.main(RemoteTestNG.java:77)
]]>
            </full-stacktrace>
          </exception> <!-- org.openqa.selenium.ElementClickInterceptedException -->
          <reporter-output>
          </reporter-output>
        </test-method> <!-- duplicateRoleTest1 -->
      </class> <!-- uaterp.CreateRole -->
    </test> <!-- Test -->
  </suite> <!-- Suite -->
</testng-results>
